{"/home/dom/projects/typescript-routing/src/config/index.ts": {"path":"/home/dom/projects/typescript-routing/src/config/index.ts","statementMap":{"0":{"start":{"line":1,"column":0},"end":{"line":3,"column":2}}},"fnMap":{},"branchMap":{"0":{"loc":{"start":{"line":2,"column":13},"end":{"line":2,"column":35}},"type":"binary-expr","locations":[{"start":{"line":2,"column":13},"end":{"line":2,"column":35}},{"start":{"line":2,"column":39},"end":{"line":2,"column":55}}]}},"s":{"0":2},"f":{},"b":{"0":[2,2]}}
,"/home/dom/projects/typescript-routing/src/controllers/AuthController.ts": {"path":"/home/dom/projects/typescript-routing/src/controllers/AuthController.ts","statementMap":{"0":{"start":{"line":1,"column":0},"end":{"line":1,"column":null}},"1":{"start":{"line":7,"column":0},"end":{"line":7,"column":61}},"2":{"start":{"line":8,"column":0},"end":{"line":8,"column":37}},"3":{"start":{"line":9,"column":0},"end":{"line":9,"column":61}},"4":{"start":{"line":10,"column":0},"end":{"line":10,"column":38}},"5":{"start":{"line":11,"column":0},"end":{"line":11,"column":68}},"6":{"start":{"line":14,"column":0},"end":{"line":14,"column":13}},"7":{"start":{"line":17,"column":4},"end":{"line":17,"column":37}},"8":{"start":{"line":22,"column":15},"end":{"line":36,"column":null}},"9":{"start":{"line":25,"column":17},"end":{"line":27,"column":null}},"10":{"start":{"line":25,"column":10},"end":{"line":27,"column":null}},"11":{"start":{"line":29,"column":4},"end":{"line":31,"column":null}},"12":{"start":{"line":30,"column":6},"end":{"line":30,"column":54}},"13":{"start":{"line":33,"column":4},"end":{"line":35,"column":6}},"14":{"start":{"line":22,"column":2},"end":{"line":36,"column":null}},"15":{"start":{"line":14,"column":13},"end":{"line":37,"column":null}},"16":{"start":{"line":37,"column":0},"end":{"line":37,"column":null}},"17":{"start":{"line":14,"column":13},"end":{"line":14,"column":27}}},"fnMap":{"0":{"name":"(anonymous_16)","decl":{"start":{"line":14,"column":0},"end":{"line":14,"column":13}},"loc":{"start":{"line":14,"column":0},"end":{"line":14,"column":13}}},"1":{"name":"AuthController","decl":{"start":{"line":16,"column":2},"end":{"line":16,"column":22}},"loc":{"start":{"line":16,"column":73},"end":{"line":18,"column":3}}},"2":{"name":"(anonymous_18)","decl":{"start":{"line":22,"column":2},"end":{"line":22,"column":15}},"loc":{"start":{"line":23,"column":34},"end":{"line":36,"column":null}}}},"branchMap":{"0":{"loc":{"start":{"line":25,"column":17},"end":{"line":27,"column":null}},"type":"switch","locations":[{"start":{"line":25,"column":17},"end":{"line":27,"column":null}}]},"1":{"loc":{"start":{"line":29,"column":4},"end":{"line":31,"column":null}},"type":"if","locations":[{"start":{"line":29,"column":4},"end":{"line":31,"column":null}},{"start":{"line":29,"column":4},"end":{"line":31,"column":null}}]}},"s":{"0":1,"1":1,"2":1,"3":1,"4":1,"5":1,"6":1,"7":1,"8":1,"9":1,"10":1,"11":1,"12":0,"13":1,"14":1,"15":1,"16":1,"17":1},"f":{"0":1,"1":1,"2":1},"b":{"0":[1],"1":[0,1]}}
,"/home/dom/projects/typescript-routing/src/controllers/UserController.ts": {"path":"/home/dom/projects/typescript-routing/src/controllers/UserController.ts","statementMap":{"0":{"start":{"line":1,"column":0},"end":{"line":1,"column":null}},"1":{"start":{"line":10,"column":0},"end":{"line":10,"column":61}},"2":{"start":{"line":11,"column":0},"end":{"line":11,"column":37}},"3":{"start":{"line":12,"column":0},"end":{"line":12,"column":61}},"4":{"start":{"line":13,"column":0},"end":{"line":13,"column":59}},"5":{"start":{"line":14,"column":0},"end":{"line":14,"column":38}},"6":{"start":{"line":15,"column":0},"end":{"line":15,"column":64}},"7":{"start":{"line":19,"column":0},"end":{"line":19,"column":13}},"8":{"start":{"line":22,"column":4},"end":{"line":22,"column":33}},"9":{"start":{"line":31,"column":15},"end":{"line":33,"column":null}},"10":{"start":{"line":32,"column":4},"end":{"line":32,"column":34}},"11":{"start":{"line":36,"column":9},"end":{"line":38,"column":null}},"12":{"start":{"line":37,"column":4},"end":{"line":37,"column":45}},"13":{"start":{"line":45,"column":15},"end":{"line":50,"column":null}},"14":{"start":{"line":46,"column":4},"end":{"line":46,"column":24}},"15":{"start":{"line":47,"column":4},"end":{"line":47,"column":60}},"16":{"start":{"line":49,"column":4},"end":{"line":49,"column":70}},"17":{"start":{"line":31,"column":2},"end":{"line":33,"column":null}},"18":{"start":{"line":36,"column":2},"end":{"line":38,"column":null}},"19":{"start":{"line":45,"column":2},"end":{"line":50,"column":null}},"20":{"start":{"line":19,"column":13},"end":{"line":51,"column":null}},"21":{"start":{"line":51,"column":0},"end":{"line":51,"column":null}},"22":{"start":{"line":19,"column":13},"end":{"line":19,"column":27}}},"fnMap":{"0":{"name":"(anonymous_18)","decl":{"start":{"line":19,"column":0},"end":{"line":19,"column":13}},"loc":{"start":{"line":19,"column":0},"end":{"line":19,"column":13}}},"1":{"name":"UserController","decl":{"start":{"line":21,"column":2},"end":{"line":21,"column":22}},"loc":{"start":{"line":21,"column":73},"end":{"line":23,"column":3}}},"2":{"name":"(anonymous_20)","decl":{"start":{"line":31,"column":2},"end":{"line":31,"column":15}},"loc":{"start":{"line":31,"column":2},"end":{"line":33,"column":null}}},"3":{"name":"(anonymous_23)","decl":{"start":{"line":36,"column":2},"end":{"line":36,"column":9}},"loc":{"start":{"line":36,"column":39},"end":{"line":38,"column":3}}},"4":{"name":"(anonymous_24)","decl":{"start":{"line":45,"column":2},"end":{"line":45,"column":15}},"loc":{"start":{"line":45,"column":53},"end":{"line":50,"column":null}}}},"branchMap":{},"s":{"0":1,"1":1,"2":1,"3":1,"4":1,"5":1,"6":1,"7":1,"8":1,"9":1,"10":1,"11":1,"12":0,"13":1,"14":0,"15":0,"16":0,"17":1,"18":1,"19":1,"20":1,"21":1,"22":1},"f":{"0":1,"1":1,"2":1,"3":0,"4":0},"b":{}}
,"/home/dom/projects/typescript-routing/src/controllers/responses/index.ts": {"path":"/home/dom/projects/typescript-routing/src/controllers/responses/index.ts","statementMap":{"0":{"start":{"line":1,"column":0},"end":{"line":1,"column":null}},"1":{"start":{"line":8,"column":0},"end":{"line":8,"column":41}},"2":{"start":{"line":10,"column":0},"end":{"line":10,"column":13}},"3":{"start":{"line":12,"column":2},"end":{"line":12,"column":null}},"4":{"start":{"line":15,"column":2},"end":{"line":15,"column":null}},"5":{"start":{"line":18,"column":2},"end":{"line":18,"column":null}},"6":{"start":{"line":21,"column":2},"end":{"line":21,"column":null}},"7":{"start":{"line":24,"column":2},"end":{"line":24,"column":null}},"8":{"start":{"line":25,"column":0},"end":{"line":25,"column":null}},"9":{"start":{"line":10,"column":13},"end":{"line":10,"column":25}},"10":{"start":{"line":27,"column":0},"end":{"line":27,"column":null}},"11":{"start":{"line":27,"column":41},"end":{"line":27,"column":45}},"12":{"start":{"line":30,"column":2},"end":{"line":30,"column":null}},"13":{"start":{"line":33,"column":2},"end":{"line":33,"column":null}},"14":{"start":{"line":34,"column":0},"end":{"line":34,"column":null}},"15":{"start":{"line":27,"column":13},"end":{"line":27,"column":32}},"16":{"start":{"line":36,"column":0},"end":{"line":36,"column":13}},"17":{"start":{"line":38,"column":2},"end":{"line":38,"column":null}},"18":{"start":{"line":40,"column":2},"end":{"line":40,"column":null}},"19":{"start":{"line":41,"column":0},"end":{"line":41,"column":null}},"20":{"start":{"line":36,"column":13},"end":{"line":36,"column":25}},"21":{"start":{"line":43,"column":0},"end":{"line":43,"column":13}},"22":{"start":{"line":45,"column":2},"end":{"line":45,"column":null}},"23":{"start":{"line":46,"column":0},"end":{"line":46,"column":null}},"24":{"start":{"line":43,"column":13},"end":{"line":43,"column":36}},"25":{"start":{"line":48,"column":0},"end":{"line":48,"column":13}},"26":{"start":{"line":50,"column":2},"end":{"line":50,"column":null}},"27":{"start":{"line":51,"column":0},"end":{"line":51,"column":null}},"28":{"start":{"line":48,"column":13},"end":{"line":48,"column":27}}},"fnMap":{"0":{"name":"(anonymous_8)","decl":{"start":{"line":10,"column":0},"end":{"line":10,"column":13}},"loc":{"start":{"line":10,"column":0},"end":{"line":10,"column":13}}},"1":{"name":"(anonymous_10)","decl":{"start":{"line":27,"column":0},"end":{"line":27,"column":13}},"loc":{"start":{"line":27,"column":0},"end":{"line":27,"column":13}}},"2":{"name":"(anonymous_12)","decl":{"start":{"line":36,"column":0},"end":{"line":36,"column":13}},"loc":{"start":{"line":36,"column":0},"end":{"line":36,"column":13}}},"3":{"name":"(anonymous_14)","decl":{"start":{"line":43,"column":0},"end":{"line":43,"column":13}},"loc":{"start":{"line":43,"column":0},"end":{"line":43,"column":13}}},"4":{"name":"(anonymous_16)","decl":{"start":{"line":48,"column":0},"end":{"line":48,"column":13}},"loc":{"start":{"line":48,"column":0},"end":{"line":48,"column":13}}}},"branchMap":{},"s":{"0":2,"1":2,"2":2,"3":2,"4":2,"5":2,"6":2,"7":2,"8":2,"9":2,"10":2,"11":2,"12":2,"13":2,"14":2,"15":2,"16":2,"17":2,"18":2,"19":2,"20":2,"21":2,"22":2,"23":2,"24":2,"25":2,"26":2,"27":2,"28":2},"f":{"0":2,"1":2,"2":2,"3":2,"4":2},"b":{}}
,"/home/dom/projects/typescript-routing/src/middlewares/Logging.ts": {"path":"/home/dom/projects/typescript-routing/src/middlewares/Logging.ts","statementMap":{"0":{"start":{"line":1,"column":0},"end":{"line":1,"column":33}},"1":{"start":{"line":2,"column":0},"end":{"line":2,"column":35}},"2":{"start":{"line":5,"column":13},"end":{"line":21,"column":2}},"3":{"start":{"line":6,"column":17},"end":{"line":6,"column":34}},"4":{"start":{"line":8,"column":2},"end":{"line":20,"column":5}},"5":{"start":{"line":11,"column":6},"end":{"line":15,"column":null}}},"fnMap":{"0":{"name":"(anonymous_0)","decl":{"start":{"line":5,"column":33},"end":{"line":5,"column":34}},"loc":{"start":{"line":5,"column":48},"end":{"line":21,"column":1}}},"1":{"name":"(anonymous_1)","decl":{"start":{"line":10,"column":12},"end":{"line":10,"column":13}},"loc":{"start":{"line":10,"column":30},"end":{"line":11,"column":12}}}},"branchMap":{},"s":{"0":1,"1":1,"2":1,"3":1,"4":1,"5":0},"f":{"0":1,"1":0},"b":{}}
,"/home/dom/projects/typescript-routing/src/models/User.ts": {"path":"/home/dom/projects/typescript-routing/src/models/User.ts","statementMap":{"0":{"start":{"line":1,"column":0},"end":{"line":1,"column":35}},"1":{"start":{"line":2,"column":0},"end":{"line":2,"column":44}},"2":{"start":{"line":3,"column":0},"end":{"line":3,"column":53}},"3":{"start":{"line":4,"column":0},"end":{"line":4,"column":36}},"4":{"start":{"line":5,"column":0},"end":{"line":5,"column":null}},"5":{"start":{"line":13,"column":0},"end":{"line":13,"column":31}},"6":{"start":{"line":17,"column":0},"end":{"line":17,"column":13}},"7":{"start":{"line":42,"column":9},"end":{"line":44,"column":null}},"8":{"start":{"line":43,"column":4},"end":{"line":43,"column":54}},"9":{"start":{"line":46,"column":9},"end":{"line":50,"column":null}},"10":{"start":{"line":49,"column":4},"end":{"line":49,"column":66}},"11":{"start":{"line":52,"column":9},"end":{"line":57,"column":null}},"12":{"start":{"line":53,"column":10},"end":{"line":53,"column":12}},"13":{"start":{"line":53,"column":12},"end":{"line":53,"column":14}},"14":{"start":{"line":53,"column":16},"end":{"line":53,"column":24}},"15":{"start":{"line":53,"column":26},"end":{"line":53,"column":39}},"16":{"start":{"line":54,"column":4},"end":{"line":56,"column":7}},"17":{"start":{"line":19,"column":2},"end":{"line":19,"column":null}},"18":{"start":{"line":24,"column":2},"end":{"line":24,"column":null}},"19":{"start":{"line":29,"column":2},"end":{"line":29,"column":null}},"20":{"start":{"line":32,"column":2},"end":{"line":32,"column":null}},"21":{"start":{"line":36,"column":2},"end":{"line":36,"column":null}},"22":{"start":{"line":40,"column":2},"end":{"line":40,"column":null}},"23":{"start":{"line":17,"column":13},"end":{"line":58,"column":null}},"24":{"start":{"line":58,"column":0},"end":{"line":58,"column":null}},"25":{"start":{"line":17,"column":13},"end":{"line":17,"column":17}},"26":{"start":{"line":60,"column":0},"end":{"line":60,"column":20}}},"fnMap":{"0":{"name":"(anonymous_2)","decl":{"start":{"line":17,"column":0},"end":{"line":17,"column":13}},"loc":{"start":{"line":17,"column":0},"end":{"line":17,"column":13}}},"1":{"name":"(anonymous_4)","decl":{"start":{"line":42,"column":2},"end":{"line":42,"column":9}},"loc":{"start":{"line":42,"column":2},"end":{"line":44,"column":3}}},"2":{"name":"(anonymous_5)","decl":{"start":{"line":46,"column":2},"end":{"line":46,"column":9}},"loc":{"start":{"line":47,"column":31},"end":{"line":50,"column":3}}},"3":{"name":"(anonymous_6)","decl":{"start":{"line":52,"column":2},"end":{"line":52,"column":9}},"loc":{"start":{"line":52,"column":2},"end":{"line":57,"column":3}}}},"branchMap":{},"s":{"0":2,"1":2,"2":2,"3":2,"4":2,"5":2,"6":2,"7":2,"8":0,"9":2,"10":0,"11":2,"12":0,"13":0,"14":0,"15":0,"16":0,"17":2,"18":2,"19":2,"20":2,"21":2,"22":2,"23":2,"24":2,"25":2,"26":2},"f":{"0":2,"1":0,"2":0,"3":0},"b":{}}
}
