TN:
SF:/home/dom/projects/typescript-routing/src/config/index.ts
FNF:0
FNH:0
DA:1,2
LF:1
LH:1
BRDA:2,0,0,2
BRDA:2,0,1,2
BRF:2
BRH:2
end_of_record
TN:
SF:/home/dom/projects/typescript-routing/src/controllers/AuthController.ts
FN:14,(anonymous_16)
FN:16,AuthController
FN:22,(anonymous_18)
FNF:3
FNH:3
FNDA:1,(anonymous_16)
FNDA:1,AuthController
FNDA:1,(anonymous_18)
DA:1,1
DA:7,1
DA:8,1
DA:9,1
DA:10,1
DA:11,1
DA:14,1
DA:17,1
DA:22,1
DA:25,1
DA:29,1
DA:30,0
DA:33,1
DA:37,1
LF:14
LH:13
BRDA:25,0,0,1
BRDA:29,1,0,0
BRDA:29,1,1,1
BRF:3
BRH:2
end_of_record
TN:
SF:/home/dom/projects/typescript-routing/src/controllers/UserController.ts
FN:19,(anonymous_18)
FN:21,UserController
FN:31,(anonymous_20)
FN:36,(anonymous_23)
FN:45,(anonymous_24)
FNF:5
FNH:3
FNDA:1,(anonymous_18)
FNDA:1,UserController
FNDA:1,(anonymous_20)
FNDA:0,(anonymous_23)
FNDA:0,(anonymous_24)
DA:1,1
DA:10,1
DA:11,1
DA:12,1
DA:13,1
DA:14,1
DA:15,1
DA:19,1
DA:22,1
DA:31,1
DA:32,1
DA:36,1
DA:37,0
DA:45,1
DA:46,0
DA:47,0
DA:49,0
DA:51,1
LF:18
LH:14
BRF:0
BRH:0
end_of_record
TN:
SF:/home/dom/projects/typescript-routing/src/controllers/responses/index.ts
FN:10,(anonymous_8)
FN:27,(anonymous_10)
FN:36,(anonymous_12)
FN:43,(anonymous_14)
FN:48,(anonymous_16)
FNF:5
FNH:5
FNDA:2,(anonymous_8)
FNDA:2,(anonymous_10)
FNDA:2,(anonymous_12)
FNDA:2,(anonymous_14)
FNDA:2,(anonymous_16)
DA:1,2
DA:8,2
DA:10,2
DA:12,2
DA:15,2
DA:18,2
DA:21,2
DA:24,2
DA:25,2
DA:27,2
DA:30,2
DA:33,2
DA:34,2
DA:36,2
DA:38,2
DA:40,2
DA:41,2
DA:43,2
DA:45,2
DA:46,2
DA:48,2
DA:50,2
DA:51,2
LF:23
LH:23
BRF:0
BRH:0
end_of_record
TN:
SF:/home/dom/projects/typescript-routing/src/middlewares/Logging.ts
FN:5,(anonymous_0)
FN:10,(anonymous_1)
FNF:2
FNH:1
FNDA:1,(anonymous_0)
FNDA:0,(anonymous_1)
DA:1,1
DA:2,1
DA:5,1
DA:6,1
DA:8,1
DA:11,0
LF:6
LH:5
BRF:0
BRH:0
end_of_record
TN:
SF:/home/dom/projects/typescript-routing/src/models/User.ts
FN:17,(anonymous_2)
FN:42,(anonymous_4)
FN:46,(anonymous_5)
FN:52,(anonymous_6)
FNF:4
FNH:1
FNDA:2,(anonymous_2)
FNDA:0,(anonymous_4)
FNDA:0,(anonymous_5)
FNDA:0,(anonymous_6)
DA:1,2
DA:2,2
DA:3,2
DA:4,2
DA:5,2
DA:13,2
DA:17,2
DA:19,2
DA:24,2
DA:29,2
DA:32,2
DA:36,2
DA:40,2
DA:42,2
DA:43,0
DA:46,2
DA:49,0
DA:52,2
DA:53,0
DA:54,0
DA:58,2
DA:60,2
LF:22
LH:18
BRF:0
BRH:0
end_of_record
